#
# A fatal error has been detected by the Java Runtime Environment:
#
#  EXCEPTION_ACCESS_VIOLATION (0xc0000005) at pc=0x00007ffbdf2a44de, pid=17232, tid=0x00000000000040e8
#
# JRE version: Java(TM) SE Runtime Environment (8.0_251-b08) (build 1.8.0_251-b08)
# Java VM: Java HotSpot(TM) 64-Bit Server VM (25.251-b08 mixed mode windows-amd64 compressed oops)
# Problematic frame:
# C  [msvcrt.dll+0x744de]
#
# Failed to write core dump. Minidumps are not enabled by default on client versions of Windows
#
# If you would like to submit a bug report, please visit:
#   http://bugreport.java.com/bugreport/crash.jsp
# The crash happened outside the Java Virtual Machine in native code.
# See problematic frame for where to report the bug.
#

---------------  T H R E A D  ---------------

Current thread (0x0000000003244000):  JavaThread "main" [_thread_in_native, id=16616, stack(0x0000000002ed0000,0x0000000002fd0000)]

siginfo: ExceptionCode=0xc0000005, writing address 0x000000001b5d4000

Registers:
RAX=0x000000001b5d30f0, RBX=0x00000000032441f8, RCX=0x000000001b5d4040, RDX=0x00000000c55fd210
RSP=0x0000000002fcea88, RBP=0x000000001b5d30f0, RSI=0x0000000002fceba8, RDI=0x00000000e0bd0300
R8 =0x0000000000000030, R9 =0x0000000000000021, R10=0x000000000000000c, R11=0x00000000e0bd1ac0
R12=0x0000000000000000, R13=0x00000000000005f0, R14=0x0000000002fceba8, R15=0x0000000003244000
RIP=0x00007ffbdf2a44de, EFLAGS=0x0000000000010206

Top of Stack: (sp=0x0000000002fcea88)
0x0000000002fcea88:   0000000065583a34 00000000032441f8
0x0000000002fcea98:   000000001b5d30f0 0000000002fceba8
0x0000000002fceaa8:   0000000000000000 0000000002fceac8
0x0000000002fceab8:   00000000262c08e8 0000000000000178
0x0000000002fceac8:   00000000000002cf 0000000002fceb70
0x0000000002fcead8:   0000000000000000 00000000262c08e8
0x0000000002fceae8:   0000000003358c67 00000000754aee28
0x0000000002fceaf8:   0000000002fceb40 0000000002fcebc8
0x0000000002fceb08:   0000000002fceb30 00000000000005f0
0x0000000002fceb18:   0000000000000000 0000000002fcecb0
0x0000000002fceb28:   000000000368a7f4 0000000002fceb30
0x0000000002fceb38:   0000000000000000 0000000002fceba8
0x0000000002fceb48:   00000000262c1960 0000000000000000
0x0000000002fceb58:   00000000262c08e8 0000000000000000
0x0000000002fceb68:   0000000002fceb90 0000000002fcebf0
0x0000000002fceb78:   000000000334835d 00000000e0bca490 

Instructions: (pc=0x00007ffbdf2a44de)
0x00007ffbdf2a44be:   00 00 0f 10 0c 11 0f 10 54 11 10 0f 10 5c 11 20
0x00007ffbdf2a44ce:   0f 10 64 11 30 0f 29 41 f0 48 83 c1 40 49 ff c9
0x00007ffbdf2a44de:   0f 29 49 c0 0f 29 51 d0 0f 29 59 e0 0f 28 c4 75
0x00007ffbdf2a44ee:   d1 4d 8b c8 49 c1 e9 04 74 19 0f 1f 84 00 00 00 


Register to memory mapping:

RAX=0x000000001b5d30f0 is an unknown value
RBX=0x00000000032441f8 is an unknown value
RCX=0x000000001b5d4040 is an unknown value
RDX=0x00000000c55fd210 is an unallocated location in the heap
RSP=0x0000000002fcea88 is pointing into the stack for thread: 0x0000000003244000
RBP=0x000000001b5d30f0 is an unknown value
RSI=0x0000000002fceba8 is pointing into the stack for thread: 0x0000000003244000
RDI=0x00000000e0bd0300 is an oop

[error occurred during error reporting (printing register info), id 0xc0000005]

Stack: [0x0000000002ed0000,0x0000000002fd0000],  sp=0x0000000002fcea88,  free space=1018k
Native frames: (J=compiled Java code, j=interpreted, Vv=VM code, C=native code)
C  [msvcrt.dll+0x744de]
C  [gdx64.dll+0x3a34]
C  0x0000000003358c67

Java frames: (J=compiled Java code, j=interpreted, Vv=VM code)
j  com.badlogic.gdx.utils.BufferUtils.copyJni([FLjava/nio/Buffer;II)V+0
j  com.badlogic.gdx.utils.BufferUtils.copy([FLjava/nio/Buffer;II)V+35
j  com.badlogic.gdx.graphics.glutils.VertexArray.setVertices([FII)V+7
j  com.badlogic.gdx.graphics.Mesh.setVertices([FII)Lcom/badlogic/gdx/graphics/Mesh;+7
j  com.badlogic.gdx.graphics.g2d.SpriteBatch.flush()V+76
j  com.badlogic.gdx.graphics.g2d.SpriteBatch.switchTexture(Lcom/badlogic/gdx/graphics/Texture;)V+1
j  com.badlogic.gdx.graphics.g2d.SpriteBatch.draw(Lcom/badlogic/gdx/graphics/Texture;FFFF)V+33
j  edu.school21.GMBU.app.ProgramWindow.render()V+254
j  com.badlogic.gdx.backends.lwjgl3.Lwjgl3Window.update()Z+185
j  com.badlogic.gdx.backends.lwjgl3.Lwjgl3Application.loop()V+101
j  com.badlogic.gdx.backends.lwjgl3.Lwjgl3Application.<init>(Lcom/badlogic/gdx/ApplicationListener;Lcom/badlogic/gdx/backends/lwjgl3/Lwjgl3ApplicationConfiguration;)V+257
j  edu.school21.GMBU.app.Main.main([Ljava/lang/String;)V+44
v  ~StubRoutines::call_stub

---------------  P R O C E S S  ---------------

Java Threads: ( => current thread )
  0x000000001a2fd000 JavaThread "Timer" daemon [_thread_blocked, id=12232, stack(0x0000000028f00000,0x0000000029000000)]
  0x0000000018fd9000 JavaThread "Service Thread" daemon [_thread_blocked, id=19972, stack(0x0000000019c00000,0x0000000019d00000)]
  0x0000000018f42800 JavaThread "C1 CompilerThread3" daemon [_thread_blocked, id=6180, stack(0x0000000019b00000,0x0000000019c00000)]
  0x0000000018f27800 JavaThread "C2 CompilerThread2" daemon [_thread_blocked, id=19792, stack(0x0000000019a00000,0x0000000019b00000)]
  0x0000000018f21800 JavaThread "C2 CompilerThread1" daemon [_thread_blocked, id=8576, stack(0x0000000019900000,0x0000000019a00000)]
  0x0000000018eac800 JavaThread "C2 CompilerThread0" daemon [_thread_blocked, id=20188, stack(0x0000000019800000,0x0000000019900000)]
  0x0000000018ed2800 JavaThread "Monitor Ctrl-Break" daemon [_thread_in_native, id=13952, stack(0x0000000019700000,0x0000000019800000)]
  0x0000000018e2d000 JavaThread "Attach Listener" daemon [_thread_blocked, id=16720, stack(0x0000000019600000,0x0000000019700000)]
  0x0000000018e2b000 JavaThread "Signal Dispatcher" daemon [_thread_blocked, id=13980, stack(0x0000000019500000,0x0000000019600000)]
  0x000000000333c000 JavaThread "Finalizer" daemon [_thread_blocked, id=4572, stack(0x00000000192f0000,0x00000000193f0000)]
  0x0000000018e10800 JavaThread "Reference Handler" daemon [_thread_blocked, id=20052, stack(0x00000000191f0000,0x00000000192f0000)]
=>0x0000000003244000 JavaThread "main" [_thread_in_native, id=16616, stack(0x0000000002ed0000,0x0000000002fd0000)]

Other Threads:
  0x0000000017009800 VMThread [stack: 0x0000000018cf0000,0x0000000018df0000] [id=88]
  0x0000000019039800 WatcherThread [stack: 0x0000000019d00000,0x0000000019e00000] [id=14816]

VM state:not at safepoint (normal execution)

VM Mutex/Monitor currently owned by a thread: None

heap address: 0x00000000a1c00000, size: 1508 MB, Compressed Oops mode: 32-bit
Narrow klass base: 0x0000000000000000, Narrow klass shift: 3
Compressed class space size: 1073741824 Address: 0x0000000100000000

Heap:
 PSYoungGen      total 28672K, used 8614K [0x00000000e0980000, 0x00000000e2980000, 0x0000000100000000)
  eden space 24576K, 18% used [0x00000000e0980000,0x00000000e0deceb8,0x00000000e2180000)
  from space 4096K, 99% used [0x00000000e2180000,0x00000000e257ca18,0x00000000e2580000)
  to   space 4096K, 0% used [0x00000000e2580000,0x00000000e2580000,0x00000000e2980000)
 ParOldGen       total 65536K, used 1242K [0x00000000a1c00000, 0x00000000a5c00000, 0x00000000e0980000)
  object space 65536K, 1% used [0x00000000a1c00000,0x00000000a1d36be0,0x00000000a5c00000)
 Metaspace       used 10978K, capacity 11161K, committed 11264K, reserved 1058816K
  class space    used 938K, capacity 1023K, committed 1024K, reserved 1048576K

Card table byte_map: [0x0000000012700000,0x0000000012a00000] byte_map_base: 0x00000000121f2000

Marking Bits: (ParMarkBitMap*) 0x00000000756baf90
 Begin Bits: [0x0000000013400000, 0x0000000014b90000)
 End Bits:   [0x0000000014b90000, 0x0000000016320000)

Polling page: 0x0000000001680000

CodeCache: size=245760Kb used=3454Kb max_used=3454Kb free=242305Kb
 bounds [0x0000000003340000, 0x00000000036b0000, 0x0000000012340000]
 total_blobs=1669 nmethods=783 adapters=799
 compilation: enabled

Compilation events (10 events):
Event: 3.006 Thread 0x0000000018f42800  779       3       com.badlogic.gdx.utils.Pools::freeAll (90 bytes)
Event: 3.007 Thread 0x0000000018f42800 nmethod 779 0x000000000369e0d0 code [0x000000000369e2a0, 0x000000000369e9b8]
Event: 3.007 Thread 0x0000000018f42800  781       3       com.badlogic.gdx.graphics.g2d.BitmapFontCache::addText (56 bytes)
Event: 3.007 Thread 0x0000000018f42800 nmethod 781 0x000000000369f550 code [0x000000000369f740, 0x000000000369fe98]
Event: 3.007 Thread 0x0000000018f42800  782       3       com.badlogic.gdx.utils.Pools::obtain (8 bytes)
Event: 3.007 Thread 0x0000000018f42800 nmethod 782 0x00000000036a1bd0 code [0x00000000036a1d60, 0x00000000036a2148]
Event: 3.007 Thread 0x0000000018f42800  783       3       java.lang.Math::max (46 bytes)
Event: 3.007 Thread 0x0000000018f42800 nmethod 783 0x000000000369dad0 code [0x000000000369dc40, 0x000000000369df90]
Event: 3.007 Thread 0x0000000018f42800  780       3       com.badlogic.gdx.utils.Pool::free (60 bytes)
Event: 3.008 Thread 0x0000000018f42800 nmethod 780 0x00000000036a1050 code [0x00000000036a1220, 0x00000000036a1988]

GC Heap History (2 events):
Event: 2.062 GC heap before
{Heap before GC invocations=1 (full 0):
 PSYoungGen      total 28672K, used 24576K [0x00000000e0980000, 0x00000000e2980000, 0x0000000100000000)
  eden space 24576K, 100% used [0x00000000e0980000,0x00000000e2180000,0x00000000e2180000)
  from space 4096K, 0% used [0x00000000e2580000,0x00000000e2580000,0x00000000e2980000)
  to   space 4096K, 0% used [0x00000000e2180000,0x00000000e2180000,0x00000000e2580000)
 ParOldGen       total 65536K, used 0K [0x00000000a1c00000, 0x00000000a5c00000, 0x00000000e0980000)
  object space 65536K, 0% used [0x00000000a1c00000,0x00000000a1c00000,0x00000000a5c00000)
 Metaspace       used 10121K, capacity 10293K, committed 10496K, reserved 1058816K
  class space    used 865K, capacity 925K, committed 1024K, reserved 1048576K
Event: 2.067 GC heap after
Heap after GC invocations=1 (full 0):
 PSYoungGen      total 28672K, used 4082K [0x00000000e0980000, 0x00000000e2980000, 0x0000000100000000)
  eden space 24576K, 0% used [0x00000000e0980000,0x00000000e0980000,0x00000000e2180000)
  from space 4096K, 99% used [0x00000000e2180000,0x00000000e257ca18,0x00000000e2580000)
  to   space 4096K, 0% used [0x00000000e2580000,0x00000000e2580000,0x00000000e2980000)
 ParOldGen       total 65536K, used 1242K [0x00000000a1c00000, 0x00000000a5c00000, 0x00000000e0980000)
  object space 65536K, 1% used [0x00000000a1c00000,0x00000000a1d36be0,0x00000000a5c00000)
 Metaspace       used 10121K, capacity 10293K, committed 10496K, reserved 1058816K
  class space    used 865K, capacity 925K, committed 1024K, reserved 1048576K
}

Deoptimization events (1 events):
Event: 3.006 Thread 0x0000000019103800 Uncommon trap: reason=unstable_if action=reinterpret pc=0x00000000035cf094 method=edu.school21.GMBU.app.ClockGenerator.run()V @ 7

Classes redefined (0 events):
No events

Internal exceptions (10 events):
Event: 0.035 Thread 0x0000000003244000 Exception <a 'java/lang/NoSuchMethodError': Method sun.misc.Unsafe.prefetchRead(Ljava/lang/Object;J)V name or signature does not match> (0x00000000e0987fa8) thrown at [C:\jenkins\workspace\8-2-build-windows-amd64-cygwin\jdk8u251\737\hotspot\src\share\vm\p
Event: 0.192 Thread 0x0000000019103800 Exception <a 'java/security/PrivilegedActionException'> (0x00000000e0dba630) thrown at [C:\jenkins\workspace\8-2-build-windows-amd64-cygwin\jdk8u251\737\hotspot\src\share\vm\prims\jvm.cpp, line 1502]
Event: 0.192 Thread 0x0000000019103800 Exception <a 'java/security/PrivilegedActionException'> (0x00000000e0dbaa28) thrown at [C:\jenkins\workspace\8-2-build-windows-amd64-cygwin\jdk8u251\737\hotspot\src\share\vm\prims\jvm.cpp, line 1502]
Event: 0.193 Thread 0x0000000019103800 Exception <a 'java/security/PrivilegedActionException'> (0x00000000e0dbeb20) thrown at [C:\jenkins\workspace\8-2-build-windows-amd64-cygwin\jdk8u251\737\hotspot\src\share\vm\prims\jvm.cpp, line 1502]
Event: 0.193 Thread 0x0000000019103800 Exception <a 'java/security/PrivilegedActionException'> (0x00000000e0dbef18) thrown at [C:\jenkins\workspace\8-2-build-windows-amd64-cygwin\jdk8u251\737\hotspot\src\share\vm\prims\jvm.cpp, line 1502]
Event: 0.292 Thread 0x0000000003244000 Exception <a 'java/lang/NoSuchFieldError': method resolution failed> (0x00000000e115cb08) thrown at [C:\jenkins\workspace\8-2-build-windows-amd64-cygwin\jdk8u251\737\hotspot\src\share\vm\prims\methodHandles.cpp, line 1167]
Event: 0.294 Thread 0x0000000003244000 Exception <a 'java/lang/NoSuchFieldError': method resolution failed> (0x00000000e116aa98) thrown at [C:\jenkins\workspace\8-2-build-windows-amd64-cygwin\jdk8u251\737\hotspot\src\share\vm\prims\methodHandles.cpp, line 1167]
Event: 1.758 Thread 0x0000000003244000 Exception <a 'sun/nio/fs/WindowsException'> (0x00000000e173a0c8) thrown at [C:\jenkins\workspace\8-2-build-windows-amd64-cygwin\jdk8u251\737\hotspot\src\share\vm\prims\jni.cpp, line 710]
Event: 1.759 Thread 0x0000000003244000 Exception <a 'sun/nio/fs/WindowsException'> (0x00000000e173eda8) thrown at [C:\jenkins\workspace\8-2-build-windows-amd64-cygwin\jdk8u251\737\hotspot\src\share\vm\prims\jni.cpp, line 710]
Event: 1.760 Thread 0x0000000003244000 Exception <a 'sun/nio/fs/WindowsException'> (0x00000000e173f550) thrown at [C:\jenkins\workspace\8-2-build-windows-amd64-cygwin\jdk8u251\737\hotspot\src\share\vm\prims\jni.cpp, line 710]

Events (10 events):
Event: 2.188 loading class com/badlogic/gdx/backends/lwjgl3/Lwjgl3Window$6$1
Event: 2.188 loading class com/badlogic/gdx/backends/lwjgl3/Lwjgl3Window$6$1 done
Event: 2.371 Thread 0x0000000003244000 DEOPT PACKING pc=0x000000000367908b sp=0x0000000002fcee80
Event: 2.371 Thread 0x0000000003244000 DEOPT UNPACKING pc=0x0000000003387890 sp=0x0000000002fcec40 mode 0
Event: 3.004 loading class com/badlogic/gdx/utils/TimeUtils
Event: 3.004 loading class com/badlogic/gdx/utils/TimeUtils done
Event: 3.006 Thread 0x0000000019103800 Uncommon trap: trap_request=0xffffff65 fr.pc=0x00000000035cf094
Event: 3.006 Thread 0x0000000019103800 DEOPT PACKING pc=0x00000000035cf094 sp=0x0000000019eff400
Event: 3.006 Thread 0x0000000019103800 DEOPT UNPACKING pc=0x000000000338583b sp=0x0000000019eff3c0 mode 2
Event: 3.006 Thread 0x0000000019103800 Thread exited: 0x0000000019103800


Dynamic libraries:
0x00007ff785f00000 - 0x00007ff785f37000 	C:\Program Files\Java\jdk1.8.0_251\bin\java.exe
0x00007ffbe08d0000 - 0x00007ffbe0ac7000 	C:\WINDOWS\SYSTEM32\ntdll.dll
0x00007ffbdfc30000 - 0x00007ffbdfced000 	C:\WINDOWS\System32\KERNEL32.DLL
0x00007ffbde1d0000 - 0x00007ffbde49d000 	C:\WINDOWS\System32\KERNELBASE.dll
0x00007ffbdf430000 - 0x00007ffbdf4de000 	C:\WINDOWS\System32\ADVAPI32.dll
0x00007ffbdf230000 - 0x00007ffbdf2ce000 	C:\WINDOWS\System32\msvcrt.dll
0x00007ffbe03e0000 - 0x00007ffbe047c000 	C:\WINDOWS\System32\sechost.dll
0x00007ffbdf2f0000 - 0x00007ffbdf415000 	C:\WINDOWS\System32\RPCRT4.dll
0x00007ffbe06f0000 - 0x00007ffbe0890000 	C:\WINDOWS\System32\USER32.dll
0x00007ffbde1a0000 - 0x00007ffbde1c2000 	C:\WINDOWS\System32\win32u.dll
0x00007ffbe0380000 - 0x00007ffbe03aa000 	C:\WINDOWS\System32\GDI32.dll
0x00007ffbde4a0000 - 0x00007ffbde5ab000 	C:\WINDOWS\System32\gdi32full.dll
0x00007ffbddff0000 - 0x00007ffbde08d000 	C:\WINDOWS\System32\msvcp_win.dll
0x00007ffbde5b0000 - 0x00007ffbde6b0000 	C:\WINDOWS\System32\ucrtbase.dll
0x00007ffbcecf0000 - 0x00007ffbcef8a000 	C:\WINDOWS\WinSxS\amd64_microsoft.windows.common-controls_6595b64144ccf1df_6.0.19041.1110_none_60b5254171f9507e\COMCTL32.dll
0x00007ffbe03b0000 - 0x00007ffbe03e0000 	C:\WINDOWS\System32\IMM32.DLL
0x0000000075fb0000 - 0x0000000076082000 	C:\Program Files\Java\jdk1.8.0_251\jre\bin\msvcr100.dll
0x0000000074e90000 - 0x000000007573b000 	C:\Program Files\Java\jdk1.8.0_251\jre\bin\server\jvm.dll
0x00007ffbdf420000 - 0x00007ffbdf428000 	C:\WINDOWS\System32\PSAPI.DLL
0x00007ffbd89e0000 - 0x00007ffbd89ea000 	C:\WINDOWS\SYSTEM32\VERSION.dll
0x00007ffbd01a0000 - 0x00007ffbd01c7000 	C:\WINDOWS\SYSTEM32\WINMM.dll
0x00007ffbd23f0000 - 0x00007ffbd23f9000 	C:\WINDOWS\SYSTEM32\WSOCK32.dll
0x00007ffbe05b0000 - 0x00007ffbe061b000 	C:\WINDOWS\System32\WS2_32.dll
0x00007ffbd6180000 - 0x00007ffbd618f000 	C:\Program Files\Java\jdk1.8.0_251\jre\bin\verify.dll
0x00007ffbd6090000 - 0x00007ffbd60b9000 	C:\Program Files\Java\jdk1.8.0_251\jre\bin\java.dll
0x00007ffbd4c60000 - 0x00007ffbd4c83000 	C:\Program Files\Java\jdk1.8.0_251\jre\bin\instrument.dll
0x00007ffbd5ab0000 - 0x00007ffbd5ac6000 	C:\Program Files\Java\jdk1.8.0_251\jre\bin\zip.dll
0x00007ffbdf4e0000 - 0x00007ffbdfc24000 	C:\WINDOWS\System32\SHELL32.dll
0x00007ffbdc0f0000 - 0x00007ffbdc884000 	C:\WINDOWS\SYSTEM32\windows.storage.dll
0x00007ffbde930000 - 0x00007ffbdec84000 	C:\WINDOWS\System32\combase.dll
0x00007ffbdd980000 - 0x00007ffbdd9ac000 	C:\WINDOWS\SYSTEM32\Wldp.dll
0x00007ffbdf0a0000 - 0x00007ffbdf14d000 	C:\WINDOWS\System32\SHCORE.dll
0x00007ffbdefd0000 - 0x00007ffbdf025000 	C:\WINDOWS\System32\shlwapi.dll
0x00007ffbddf30000 - 0x00007ffbddf4f000 	C:\WINDOWS\SYSTEM32\profapi.dll
0x00007ffbd2d10000 - 0x00007ffbd2d2a000 	C:\Program Files\JetBrains\IntelliJ IDEA 2021.2.2\bin\breakgen64.dll
0x00007ffbd4cc0000 - 0x00007ffbd4cda000 	C:\Program Files\Java\jdk1.8.0_251\jre\bin\net.dll
0x00007ffbdd6e0000 - 0x00007ffbdd74a000 	C:\WINDOWS\system32\mswsock.dll
0x0000000065580000 - 0x0000000065616000 	C:\Users\Asus\AppData\Local\Temp\libgdxAsus\38c81921\gdx64.dll
0x00007ffbd4c40000 - 0x00007ffbd4c52000 	C:\Program Files\Java\jdk1.8.0_251\jre\bin\nio.dll
0x00007ffbcd090000 - 0x00007ffbcd0e5000 	C:\Users\Asus\AppData\Local\Temp\lwjglAsus\3.1.0-build-40\lwjgl.dll
0x00007ffbcddf0000 - 0x00007ffbcde2b000 	C:\Users\Asus\AppData\Local\Temp\lwjglAsus\3.1.0-build-40\jemalloc.dll
0x00007ffbdd8f0000 - 0x00007ffbdd8fc000 	C:\WINDOWS\SYSTEM32\CRYPTBASE.DLL
0x00007ffbcce60000 - 0x00007ffbcce9c000 	C:\Users\Asus\AppData\Local\Temp\lwjglAsus\3.1.0-build-40\glfw.dll
0x00007ffbdba10000 - 0x00007ffbdbaae000 	C:\WINDOWS\system32\uxtheme.dll
0x00007ffbcce10000 - 0x00007ffbcce55000 	C:\WINDOWS\SYSTEM32\dinput8.dll
0x00007ffbd19d0000 - 0x00007ffbd19e1000 	C:\WINDOWS\SYSTEM32\xinput1_4.dll
0x00007ffbde090000 - 0x00007ffbde0de000 	C:\WINDOWS\System32\cfgmgr32.dll
0x00007ffbddcf0000 - 0x00007ffbddd1c000 	C:\WINDOWS\SYSTEM32\DEVOBJ.dll
0x00007ffbdbc30000 - 0x00007ffbdbc5f000 	C:\WINDOWS\SYSTEM32\dwmapi.dll
0x00007ffbcc6e0000 - 0x00007ffbcc832000 	C:\WINDOWS\SYSTEM32\inputhost.dll
0x00007ffbe0620000 - 0x00007ffbe06ed000 	C:\WINDOWS\System32\OLEAUT32.dll
0x00007ffbdb820000 - 0x00007ffbdb912000 	C:\WINDOWS\SYSTEM32\CoreMessaging.dll
0x00007ffbd9840000 - 0x00007ffbd9936000 	C:\WINDOWS\SYSTEM32\PROPSYS.dll
0x00007ffbdb2f0000 - 0x00007ffbdb444000 	C:\WINDOWS\SYSTEM32\wintypes.dll
0x00007ffbde110000 - 0x00007ffbde192000 	C:\WINDOWS\System32\bcryptPrimitives.dll
0x00007ffbdb450000 - 0x00007ffbdb7ae000 	C:\WINDOWS\SYSTEM32\CoreUIComponents.dll
0x00007ffbdccf0000 - 0x00007ffbdcd23000 	C:\WINDOWS\SYSTEM32\ntmarta.dll
0x00007ffbdbef0000 - 0x00007ffbdbf02000 	C:\WINDOWS\SYSTEM32\kernel.appcore.dll
0x00007ffbdc890000 - 0x00007ffbdc89d000 	C:\WINDOWS\SYSTEM32\HID.DLL
0x00007ffbdfd80000 - 0x00007ffbe01ef000 	C:\WINDOWS\System32\SETUPAPI.DLL
0x00007ffbde0e0000 - 0x00007ffbde107000 	C:\WINDOWS\System32\bcrypt.dll
0x00007ffbde760000 - 0x00007ffbde7c7000 	C:\WINDOWS\System32\WINTRUST.dll
0x00007ffbde7d0000 - 0x00007ffbde926000 	C:\WINDOWS\System32\CRYPT32.dll
0x00007ffbddb10000 - 0x00007ffbddb22000 	C:\WINDOWS\SYSTEM32\MSASN1.dll
0x00007ffbb1a10000 - 0x00007ffbb1af6000 	C:\Users\Asus\AppData\Local\Temp\lwjglAsus\3.1.0-build-40\OpenAL.dll
0x00007ffbe0480000 - 0x00007ffbe05aa000 	C:\WINDOWS\System32\ole32.dll
0x00007ffbe01f0000 - 0x00007ffbe0299000 	C:\WINDOWS\System32\clbcatq.dll
0x00007ffbb9450000 - 0x00007ffbb94ec000 	C:\WINDOWS\SYSTEM32\dsound.dll
0x00007ffbba0c0000 - 0x00007ffbba0e6000 	C:\WINDOWS\SYSTEM32\winmmbase.dll
0x00007ffbddee0000 - 0x00007ffbddf2b000 	C:\WINDOWS\SYSTEM32\powrprof.dll
0x00007ffbddec0000 - 0x00007ffbdded2000 	C:\WINDOWS\SYSTEM32\UMPDC.dll
0x00007ffbd7ce0000 - 0x00007ffbd7d65000 	C:\WINDOWS\System32\MMDevApi.dll
0x00007ffbbcb60000 - 0x00007ffbbcce2000 	C:\WINDOWS\SYSTEM32\AUDIOSES.DLL
0x00007ffbdbae0000 - 0x00007ffbdbaf4000 	C:\WINDOWS\SYSTEM32\resourcepolicyclient.dll
0x00007ffbdec90000 - 0x00007ffbdeda5000 	C:\WINDOWS\System32\MSCTF.dll
0x00007ffbafea0000 - 0x00007ffbaffc6000 	C:\WINDOWS\SYSTEM32\opengl32.dll
0x00007ffbc4e60000 - 0x00007ffbc4e8c000 	C:\WINDOWS\SYSTEM32\GLU32.dll
0x00007ffbd5b70000 - 0x00007ffbd5c67000 	C:\Windows\System32\AppXDeploymentClient.dll
0x00000000727d0000 - 0x0000000074e90000 	C:\WINDOWS\System32\DriverStore\FileRepository\nvami.inf_amd64_a3d5bcc37ff12fed\nvoglv64.dll
0x00007ffbd8eb0000 - 0x00007ffbd8ec4000 	C:\WINDOWS\SYSTEM32\WTSAPI32.dll
0x00007ffbcadf0000 - 0x00007ffbcae2b000 	C:\WINDOWS\SYSTEM32\dxcore.dll
0x00007ffbbf480000 - 0x00007ffbbf72e000 	C:\WINDOWS\system32\nvspcap64.dll
0x00007ffbddde0000 - 0x00007ffbdde3a000 	C:\WINDOWS\SYSTEM32\WINSTA.dll
0x00007ffbdc8f0000 - 0x00007ffbdc9e3000 	C:\WINDOWS\system32\dxgi.dll
0x00007ffbdaa10000 - 0x00007ffbdac73000 	C:\WINDOWS\system32\d3d11.dll
0x00007ffbc11c0000 - 0x00007ffbc12ae000 	C:\WINDOWS\System32\DriverStore\FileRepository\nvami.inf_amd64_a3d5bcc37ff12fed\nvldumdx.dll
0x00007ffbdf2d0000 - 0x00007ffbdf2ed000 	C:\WINDOWS\System32\imagehlp.dll
0x00007ffbdd8d0000 - 0x00007ffbdd8e8000 	C:\WINDOWS\SYSTEM32\CRYPTSP.dll
0x00007ffbdd060000 - 0x00007ffbdd094000 	C:\WINDOWS\system32\rsaenh.dll
0x00007ffb97660000 - 0x00007ffb99b22000 	C:\WINDOWS\System32\DriverStore\FileRepository\nvami.inf_amd64_a3d5bcc37ff12fed\nvwgf2umx.dll
0x00007ffbd4fc0000 - 0x00007ffbd54c3000 	C:\WINDOWS\system32\nvapi64.dll
0x00007ffbcc5e0000 - 0x00007ffbcc6d9000 	C:\WINDOWS\SYSTEM32\textinputframework.dll
0x00007ffbc97b0000 - 0x00007ffbca352000 	C:\WINDOWS\SYSTEM32\igd10iumd64.dll
0x00007ffbdd9f0000 - 0x00007ffbdda17000 	C:\WINDOWS\SYSTEM32\ncrypt.dll
0x00007ffbdd9b0000 - 0x00007ffbdd9eb000 	C:\WINDOWS\SYSTEM32\NTASN1.dll
0x00007ffbc9340000 - 0x00007ffbc97a5000 	C:\WINDOWS\SYSTEM32\igdusc64.dll
0x00007ffbd7430000 - 0x00007ffbd7614000 	C:\WINDOWS\SYSTEM32\dbghelp.dll

VM Arguments:
jvm_args: -javaagent:C:\Program Files\JetBrains\IntelliJ IDEA 2021.2.2\lib\idea_rt.jar=53147:C:\Program Files\JetBrains\IntelliJ IDEA 2021.2.2\bin -Dfile.encoding=UTF-8 
java_command: edu.school21.GMBU.app.Main
java_class_path (initial): C:\Program Files\Java\jdk1.8.0_251\jre\lib\charsets.jar;C:\Program Files\Java\jdk1.8.0_251\jre\lib\deploy.jar;C:\Program Files\Java\jdk1.8.0_251\jre\lib\ext\access-bridge-64.jar;C:\Program Files\Java\jdk1.8.0_251\jre\lib\ext\cldrdata.jar;C:\Program Files\Java\jdk1.8.0_251\jre\lib\ext\dnsns.jar;C:\Program Files\Java\jdk1.8.0_251\jre\lib\ext\jaccess.jar;C:\Program Files\Java\jdk1.8.0_251\jre\lib\ext\jfxrt.jar;C:\Program Files\Java\jdk1.8.0_251\jre\lib\ext\localedata.jar;C:\Program Files\Java\jdk1.8.0_251\jre\lib\ext\nashorn.jar;C:\Program Files\Java\jdk1.8.0_251\jre\lib\ext\sunec.jar;C:\Program Files\Java\jdk1.8.0_251\jre\lib\ext\sunjce_provider.jar;C:\Program Files\Java\jdk1.8.0_251\jre\lib\ext\sunmscapi.jar;C:\Program Files\Java\jdk1.8.0_251\jre\lib\ext\sunpkcs11.jar;C:\Program Files\Java\jdk1.8.0_251\jre\lib\ext\zipfs.jar;C:\Program Files\Java\jdk1.8.0_251\jre\lib\javaws.jar;C:\Program Files\Java\jdk1.8.0_251\jre\lib\jce.jar;C:\Program Files\Java\jdk1.8.0_251\jre\lib\jfr.jar;C:\Program Files\Java\jdk1.8.0_251\jre\lib\jfxswt.jar;C:\Program Files\Java\jdk1.8.0_251\jre\lib\jsse.jar;C:\Program Files\Java\jdk1.8.0_251\jre\lib\management-agent.jar;C:\Program Files\Java\jdk1.8.0_251\jre\lib\plugin.jar;C:\Program Files\Java\jdk1.8.0_251\jre\lib\resources.jar;C:\Program Files\Java\jdk1.8.0_251\jre\lib\rt.jar;D:\Projects\Java\GMBU\target\classes;C:\Users\Asus\.m2\repository\com\badlogicgames\gdx\gdx-platform\1.9.6\gdx-platform-1.9.6-natives-desktop.jar;C:\Users\Asus\.m2\repository\com\badlogicgames\gdx\gdx\1.9.6\gdx-1.9.6.jar;C:\Users\Asus\.m2\repository\com\badlogicgames\gdx\gdx-backend-lwjgl3\1.9.6\gdx-backend-lwjgl3-1.9.6.jar;C:\Users\Asus\.m2\repository\org\lwjgl\lwjgl\3.1.0\lwjgl-3.1.0.jar;C:\Users\Asus\.m2\repository\org\lwjgl\lwjgl\3.1.0\lwjgl-3.1.0-natives-windows.jar;C:\Users\Asus\.m2\repository\org\lwjgl\lwjgl\3.1.0\lwjgl-3.1.0-natives-linux.jar;C:\Users\Asus\.m2\repository\org\lwjgl\lwjgl\3.1.0\lwjgl-3.1.0-natives-macos.jar;C:\Users\As
Launcher Type: SUN_STANDARD

Environment Variables:
JAVA_HOME=C:\Program Files\Java\jdk1.8.0_251
PATH=C:\Program Files\Java\jdk1.8.0_251\bin;C:\Program Files (x86)\maven\apache-maven-3.6.3\bin;C:\Program Files (x86)\Common Files\Oracle\Java\javapath;C:\Windows\system32;C:\Windows;C:\Windows\System32\Wbem;C:\Windows\System32\WindowsPowerShell\v1.0\;C:\Windows\System32\OpenSSH\;C:\Program Files (x86)\NVIDIA Corporation\PhysX\Common;C:\Program Files\NVIDIA Corporation\NVIDIA NvDLISR;C:\Program Files\Git\cmd;C:\WINDOWS\system32;C:\WINDOWS;C:\WINDOWS\System32\Wbem;C:\WINDOWS\System32\WindowsPowerShell\v1.0\;C:\WINDOWS\System32\OpenSSH\;C:\Library\Developer\Toolchains\unknown-Asserts-development.xctoolchain\usr\bin;C:\Library\Swift-development\bin;C:\Library\icu-67\usr\bin;D:\Program Files\Go\bin;C:\Program Files\Common Files\Autodesk Shared\;C:\Program Files\Microsoft SQL Server\120\Tools\Binn\;C:\Program Files (x86)\Autodesk\Backburner\;C:\MinGW\bin;C:\Program Files (x86)\GnuWin32\bin;C:\Users\Asus\AppData\Local\Programs\Python\Python38\Scripts\;C:\Users\Asus\AppData\Local\Programs\Python\Python38\;C:\Users\Asus\AppData\Local\Microsoft\WindowsApps;C:\Program Files\JetBrains\IntelliJ IDEA Educational Edition 2020.1.2\bin;;C:\Program Files\JetBrains\PyCharm Community Edition 2020.1.3\bin;;C:\Users\Asus\AppData\Local\Programs\Microsoft VS Code\bin;C:\Users\Asus\go\bin;C:\Program Files\JetBrains\IntelliJ IDEA 2021.2.2\bin;;C:\MinGW\bin;C:\Program Files (x86)\GnuWin32\bin;C:\Program Files\CMake\bin
USERNAME=Asus
OS=Windows_NT
PROCESSOR_IDENTIFIER=Intel64 Family 6 Model 58 Stepping 9, GenuineIntel



---------------  S Y S T E M  ---------------

OS: Windows 10.0 , 64 bit Build 19041 (10.0.19041.1741)

CPU:total 8 (initial active 8) (4 cores per cpu, 2 threads per core) family 6 model 58 stepping 9, cmov, cx8, fxsr, mmx, sse, sse2, sse3, ssse3, sse4.1, sse4.2, popcnt, avx, aes, clmul, erms, ht, tsc, tscinvbit, tscinv

Memory: 4k page, physical 6174460k(765024k free), swap 10106620k(3631512k free)

vm_info: Java HotSpot(TM) 64-Bit Server VM (25.251-b08) for windows-amd64 JRE (1.8.0_251-b08), built on Mar 12 2020 06:31:49 by "" with MS VC++ 10.0 (VS2010)

time: Fri Aug 26 17:35:00 2022
timezone: RTZ 2 (зима)
elapsed time: 3 seconds (0d 0h 0m 3s)

